<?xml version="1.0" encoding="UTF-8"?>
<testng-results skipped="0" failed="0" total="1" passed="1">
  <reporter-output>
  </reporter-output>
  <suite name="Default suite" duration-ms="48" started-at="2016-06-09T14:06:01Z" finished-at="2016-06-09T14:06:01Z">
    <groups>
    </groups>
    <test name="Default test" duration-ms="48" started-at="2016-06-09T14:06:01Z" finished-at="2016-06-09T14:06:01Z">
      <class name="TestPackage.LearningProperty">
        <test-method status="PASS" signature="testProperty()[pri:0, instance:TestPackage.LearningProperty@337d0578]" name="testProperty" duration-ms="19" started-at="2016-06-09T07:06:01Z" finished-at="2016-06-09T07:06:01Z">
          <reporter-output>
          </reporter-output>
        </test-method> <!-- testProperty -->
      </class> <!-- TestPackage.LearningProperty -->
    </test> <!-- Default test -->
  </suite> <!-- Default suite -->
</testng-results>
