<?xml version="1.0" encoding="UTF-8"?>
<testng-results skipped="0" failed="0" total="2" passed="2">
  <reporter-output>
  </reporter-output>
  <suite name="ParallelBrowserTest" duration-ms="90002" started-at="2016-06-21T15:23:56Z" finished-at="2016-06-21T15:25:26Z">
    <groups>
    </groups>
    <test name="Parallel test1" duration-ms="90002" started-at="2016-06-21T15:23:56Z" finished-at="2016-06-21T15:25:26Z">
      <class name="MyPackage.ParallelTest">
        <test-method status="PASS" signature="beforstart(java.lang.String)[pri:0, instance:MyPackage.ParallelTest@1d057a39]" name="beforstart" is-config="true" duration-ms="39869" started-at="2016-06-21T08:23:56Z" finished-at="2016-06-21T08:24:36Z">
          <params>
            <param index="0">
              <value>
                <![CDATA[firefox]]>
              </value>
            </param>
          </params>
          <reporter-output>
          </reporter-output>
        </test-method> <!-- beforstart -->
        <test-method status="PASS" signature="simpletest()[pri:0, instance:MyPackage.ParallelTest@1d057a39]" name="simpletest" duration-ms="47272" started-at="2016-06-21T08:24:36Z" finished-at="2016-06-21T08:25:23Z">
          <reporter-output>
          </reporter-output>
        </test-method> <!-- simpletest -->
        <test-method status="PASS" signature="afterfinish()[pri:0, instance:MyPackage.ParallelTest@1d057a39]" name="afterfinish" is-config="true" duration-ms="2846" started-at="2016-06-21T08:25:23Z" finished-at="2016-06-21T08:25:26Z">
          <reporter-output>
          </reporter-output>
        </test-method> <!-- afterfinish -->
      </class> <!-- MyPackage.ParallelTest -->
    </test> <!-- Parallel test1 -->
    <test name="Parallel test2" duration-ms="89841" started-at="2016-06-21T15:23:56Z" finished-at="2016-06-21T15:25:26Z">
      <class name="MyPackage.ParallelTest">
        <test-method status="PASS" signature="beforstart(java.lang.String)[pri:0, instance:MyPackage.ParallelTest@1e88b3c]" name="beforstart" is-config="true" duration-ms="42967" started-at="2016-06-21T08:23:56Z" finished-at="2016-06-21T08:24:39Z">
          <params>
            <param index="0">
              <value>
                <![CDATA[chrome]]>
              </value>
            </param>
          </params>
          <reporter-output>
          </reporter-output>
        </test-method> <!-- beforstart -->
        <test-method status="PASS" signature="simpletest()[pri:0, instance:MyPackage.ParallelTest@1e88b3c]" name="simpletest" duration-ms="41194" started-at="2016-06-21T08:24:39Z" finished-at="2016-06-21T08:25:20Z">
          <reporter-output>
          </reporter-output>
        </test-method> <!-- simpletest -->
        <test-method status="PASS" signature="afterfinish()[pri:0, instance:MyPackage.ParallelTest@1e88b3c]" name="afterfinish" is-config="true" duration-ms="5396" started-at="2016-06-21T08:25:21Z" finished-at="2016-06-21T08:25:26Z">
          <reporter-output>
          </reporter-output>
        </test-method> <!-- afterfinish -->
      </class> <!-- MyPackage.ParallelTest -->
    </test> <!-- Parallel test2 -->
  </suite> <!-- ParallelBrowserTest -->
</testng-results>
