<?xml version="1.0" encoding="UTF-8"?>
<!-- Generated by org.testng.reporters.JUnitXMLReporter -->
<testsuite hostname="test-PC" name="Default test" tests="3" failures="0" timestamp="16 Jun 2016 15:32:32 GMT" time="43.374" errors="0">
  <testcase name="simpletest" time="18.212" classname="TestPackage.ParallelDataTest"/>
  <testcase name="simpletest" time="32.386" classname="TestPackage.ParallelDataTest"/>
  <testcase name="simpletest" time="43.186" classname="TestPackage.ParallelDataTest"/>
</testsuite> <!-- Default test -->
