<?xml version="1.0" encoding="UTF-8"?>
<!-- Generated by org.testng.reporters.JUnitXMLReporter -->
<testsuite hostname="test-PC" name="Basic tests" tests="3" failures="0" timestamp="10 Jun 2016 09:23:46 GMT" time="0.063" errors="0">
  <testcase name="loginToEmail" time="0.015" classname="LearnigTestNG.LoginTest"/>
  <testcase name="loginToFB" time="0.01" classname="LearnigTestNG.LoginTest"/>
  <testcase name="loginToTwitter" time="0.004" classname="LearnigTestNG.LoginTest"/>
</testsuite> <!-- Basic tests -->
